[2017-08-16 23:11:33.137] [INFO] default - MONGODB connected | localhost:27017
[2017-08-16 23:16:19.435] [ERROR] default - DATA | profiles [getAll] | %j
[2017-08-16 23:16:19.437] [ERROR] default - DATA | profiles [getAll] | %j
[2017-08-16 23:16:19.464] [INFO] default - MONGODB connected | localhost:27017
[2017-08-16 23:16:21.014] [ERROR] default - DATA | profiles [getAll] | %j
[2017-08-16 23:16:21.014] [ERROR] default - DATA | profiles [getAll] | %j
[2017-08-16 23:16:21.018] [INFO] default - MONGODB reusing | localhost:27017 
[2017-08-16 23:18:56.608] [ERROR] default - BSN | profiles [getAll]
[2017-08-16 23:18:56.610] [ERROR] default - DATA | profiles [getAll]
[2017-08-16 23:18:56.633] [INFO] default - MONGODB connected | localhost:27017
[2017-08-16 23:20:00.415] [ERROR] default - BSN | profiles [getAll]
[2017-08-16 23:20:00.418] [ERROR] default - DATA | profiles [getAll]
[2017-08-16 23:20:00.441] [INFO] default - MONGODB connected | localhost:27017
[2017-08-16 23:21:02.020] [ERROR] default - BSN | profiles [getAll]
[2017-08-16 23:21:02.023] [ERROR] default - DATA | profiles [getAll]
[2017-08-16 23:21:02.047] [INFO] default - MONGODB connected | localhost:27017
[2017-08-16 23:21:07.806] [ERROR] default - BSN | profiles [getAll]
[2017-08-16 23:21:07.806] [ERROR] default - DATA | profiles [getAll]
[2017-08-16 23:21:07.807] [INFO] default - MONGODB reusing | localhost:27017 
[2017-08-16 23:24:54.640] [ERROR] default - BSN | profiles [getAll]
[2017-08-16 23:24:54.642] [ERROR] default - DTA | profiles [getAll]
[2017-08-16 23:24:54.664] [INFO] default - MONGODB connected | localhost:27017
[2017-08-16 23:24:54.674] [ERROR] default - DTA | profiles retrieve: 4 records
[2017-08-16 23:25:58.371] [INFO] default - BSN | profiles [getAll]
[2017-08-16 23:25:58.374] [ERROR] default - DTA | profiles [getAll]
[2017-08-16 23:25:58.406] [INFO] default - DTA | profiles retrieve: 4 records
[2017-08-16 23:28:13.301] [INFO] default - BSN | profiles [getAll]
[2017-08-16 23:28:13.303] [INFO] default - DTA | profiles [getAll]
[2017-08-16 23:28:13.337] [INFO] default - DTA | profiles [getAll] retrieve: 4 records
[2017-08-16 23:30:51.632] [INFO] default - ROU | /security/profiles
[2017-08-16 23:30:51.634] [INFO] default - BSN | profiles [getAll]
[2017-08-16 23:30:51.635] [INFO] default - DTA | profiles [getAll]
[2017-08-16 23:30:51.672] [INFO] default - DTA | profiles [getAll] retrieve: 4 records
[2017-08-16 23:58:32.176] [INFO] default - ROU | /security/profiles
[2017-08-16 23:58:32.176] [INFO] default - BSN | profiles [getAll]
[2017-08-16 23:58:32.177] [INFO] default - DTA | profiles [getAll]
[2017-08-16 23:58:32.179] [INFO] default - DTA | profiles [getAll] retrieve: 4 records
