[2017-08-19 00:06:20.273] [INFO] default - ROU | /security/profiles
[2017-08-19 00:06:20.275] [INFO] default - BSN | groups [getAll]
[2017-08-19 00:06:20.275] [INFO] default - DTA | profiles [getAll]
[2017-08-19 00:06:20.278] [INFO] default - DTA | groups [getAll] retrieve: 1 records
[2017-08-19 00:07:23.462] [INFO] default - ROU | /security/profiles
[2017-08-19 00:07:23.462] [INFO] default - BSN | groups [getAll]
[2017-08-19 00:07:23.463] [INFO] default - DTA | profiles [getAll]
[2017-08-19 00:07:23.464] [INFO] default - DTA | groups [getAll] retrieve: 1 records
[2017-08-19 00:11:45.630] [INFO] default - ROU | /security/profiles
[2017-08-19 00:11:45.634] [INFO] default - BSN | groups [getAll]
[2017-08-19 00:11:45.634] [INFO] default - DTA | profiles [getAll]
[2017-08-19 00:11:45.676] [INFO] default - DTA | profiles [getAll] retrieve: 4 records
[2017-08-19 08:16:23.781] [INFO] default - ROU | /security/profiles
[2017-08-19 08:16:23.781] [INFO] default - BSN | groups [getAll]
[2017-08-19 08:16:23.782] [INFO] default - DTA | profiles [getAll]
[2017-08-19 08:16:23.786] [INFO] default - DTA | profiles [getAll] retrieve: 4 records
[2017-08-19 08:22:09.677] [INFO] default - ROU | /security/groups
[2017-08-19 08:22:09.677] [INFO] default - BSN | groups [getAll]
[2017-08-19 08:22:09.677] [INFO] default - DTA | profiles [getAll]
[2017-08-19 08:22:09.679] [INFO] default - DTA | profiles [getAll] retrieve: 4 records
[2017-08-19 08:24:24.568] [INFO] default - ROU | /security/groups
[2017-08-19 08:24:24.569] [INFO] default - BSN | groups [getAll]
[2017-08-19 08:24:24.569] [INFO] default - DTA | profiles [getAll]
[2017-08-19 08:24:24.571] [INFO] default - DTA | profiles [getAll] retrieve: 4 records
[2017-08-19 21:59:30.776] [INFO] default - ROU | /security/groups
[2017-08-19 21:59:30.781] [INFO] default - BSN | groups [getAll]
[2017-08-19 21:59:30.781] [INFO] default - DTA | profiles [getAll]
[2017-08-19 21:59:30.826] [INFO] default - DTA | profiles [getAll] retrieve: 4 records
[2017-08-19 22:03:36.049] [INFO] default - ROU | /security/groups
[2017-08-19 22:03:36.049] [INFO] default - BSN | groups [getAll]
[2017-08-19 22:03:36.049] [INFO] default - DTA | profiles [getAll]
[2017-08-19 22:03:36.054] [INFO] default - DTA | profiles [getAll] retrieve: 4 records
[2017-08-19 22:03:36.117] [INFO] default - ROU | /security/profiles
[2017-08-19 22:03:36.117] [INFO] default - BSN | groups [getAll]
[2017-08-19 22:03:36.117] [INFO] default - DTA | profiles [getAll]
[2017-08-19 22:03:36.119] [INFO] default - DTA | profiles [getAll] retrieve: 4 records
[2017-08-19 22:32:21.401] [INFO] default - ROU | /security/groups
[2017-08-19 22:32:21.401] [INFO] default - BSN | groups [getAll]
[2017-08-19 22:32:21.401] [INFO] default - DTA | profiles [getAll]
[2017-08-19 22:32:21.404] [INFO] default - DTA | profiles [getAll] retrieve: 4 records
[2017-08-19 22:32:21.453] [INFO] default - ROU | /security/profiles
[2017-08-19 22:32:21.453] [INFO] default - BSN | groups [getAll]
[2017-08-19 22:32:21.454] [INFO] default - DTA | profiles [getAll]
[2017-08-19 22:32:21.456] [INFO] default - DTA | profiles [getAll] retrieve: 4 records
[2017-08-19 22:34:45.960] [INFO] default - ROU | /security/groups
[2017-08-19 22:34:45.961] [INFO] default - BSN | groups [getAll]
[2017-08-19 22:34:45.961] [INFO] default - DTA | profiles [getAll]
[2017-08-19 22:34:45.963] [INFO] default - DTA | profiles [getAll] retrieve: 4 records
[2017-08-19 22:34:46.019] [INFO] default - ROU | /security/profiles
[2017-08-19 22:34:46.019] [INFO] default - BSN | groups [getAll]
[2017-08-19 22:34:46.020] [INFO] default - DTA | profiles [getAll]
[2017-08-19 22:34:46.021] [INFO] default - DTA | profiles [getAll] retrieve: 4 records
[2017-08-19 22:57:37.954] [INFO] default - ROU | /security/groups
[2017-08-19 22:57:37.954] [INFO] default - BSN | groups [getAll]
[2017-08-19 22:57:37.955] [INFO] default - DTA | profiles [getAll]
[2017-08-19 22:57:37.958] [INFO] default - DTA | profiles [getAll] retrieve: 4 records
[2017-08-19 22:57:38.002] [INFO] default - ROU | /security/profiles
[2017-08-19 22:57:38.003] [INFO] default - BSN | groups [getAll]
[2017-08-19 22:57:38.003] [INFO] default - DTA | profiles [getAll]
[2017-08-19 22:57:38.004] [INFO] default - DTA | profiles [getAll] retrieve: 4 records
[2017-08-19 23:05:55.858] [INFO] default - ROU | /security/groups
[2017-08-19 23:05:55.858] [INFO] default - BSN | groups [getAll]
[2017-08-19 23:05:55.858] [INFO] default - DTA | profiles [getAll]
[2017-08-19 23:05:55.861] [INFO] default - DTA | profiles [getAll] retrieve: 4 records
[2017-08-19 23:05:55.906] [INFO] default - ROU | /security/profiles
[2017-08-19 23:05:55.906] [INFO] default - BSN | groups [getAll]
[2017-08-19 23:05:55.906] [INFO] default - DTA | profiles [getAll]
[2017-08-19 23:05:55.908] [INFO] default - DTA | profiles [getAll] retrieve: 4 records
[2017-08-19 23:43:55.433] [INFO] default - ROU | /security/groups
[2017-08-19 23:43:55.435] [INFO] default - BSN | groups [getAll]
[2017-08-19 23:43:55.435] [INFO] default - DTA | profiles [getAll]
[2017-08-19 23:43:55.470] [INFO] default - DTA | profiles [getAll] retrieve: 4 records
[2017-08-19 23:47:38.830] [INFO] default - ROU | /security/groups
[2017-08-19 23:47:38.834] [INFO] default - BSN | groups [getAll]
[2017-08-19 23:47:38.834] [INFO] default - DTA | profiles [getAll]
[2017-08-19 23:47:38.869] [INFO] default - DTA | profiles [getAll] retrieve: 4 records
[2017-08-19 23:47:43.756] [INFO] default - ROU | /security/groups
[2017-08-19 23:47:43.757] [INFO] default - BSN | groups [getAll]
[2017-08-19 23:47:43.757] [INFO] default - DTA | profiles [getAll]
[2017-08-19 23:47:43.759] [INFO] default - DTA | profiles [getAll] retrieve: 4 records
[2017-08-19 23:48:03.813] [INFO] default - ROU | /security/groups
[2017-08-19 23:48:03.817] [INFO] default - BSN | groups [getAll]
[2017-08-19 23:48:03.817] [INFO] default - DTA | profiles [getAll]
[2017-08-19 23:48:03.850] [INFO] default - DTA | profiles [getAll] retrieve: 4 records
[2017-08-19 23:48:05.765] [INFO] default - ROU | /security/groups
[2017-08-19 23:48:05.765] [INFO] default - BSN | groups [getAll]
[2017-08-19 23:48:05.765] [INFO] default - DTA | profiles [getAll]
[2017-08-19 23:48:05.768] [INFO] default - DTA | profiles [getAll] retrieve: 4 records
[2017-08-19 23:49:33.377] [INFO] default - ROU | /security/groups
[2017-08-19 23:49:33.380] [INFO] default - BSN | groups [getAll]
[2017-08-19 23:49:33.380] [INFO] default - DTA | profiles [getAll]
[2017-08-19 23:49:33.414] [INFO] default - DTA | profiles [getAll] retrieve: 4 records
[2017-08-19 23:51:41.460] [INFO] default - ROU | /security/groups
[2017-08-19 23:51:41.462] [INFO] default - BSN | groups [getAll]
[2017-08-19 23:51:41.463] [INFO] default - DTA | profiles [getAll]
[2017-08-19 23:51:41.497] [INFO] default - DTA | profiles [getAll] retrieve: 4 records
[2017-08-19 23:51:54.537] [INFO] default - ROU | /security/groups
[2017-08-19 23:51:54.537] [INFO] default - BSN | groups [getAll]
[2017-08-19 23:51:54.538] [INFO] default - DTA | profiles [getAll]
[2017-08-19 23:51:54.541] [INFO] default - DTA | profiles [getAll] retrieve: 4 records
[2017-08-19 23:53:19.564] [INFO] default - ROU | /security/groups
[2017-08-19 23:53:19.567] [INFO] default - BSN | groups [getAll]
[2017-08-19 23:53:19.567] [INFO] default - DTA | groups [getAll]
[2017-08-19 23:53:19.600] [INFO] default - DTA | groups [getAll] retrieve: 1 records
[2017-08-19 23:53:19.600] [INFO] default - BSN | [{"id":"599767c557207500e444b752","name":"owners","leaf":false}]
[2017-08-19 23:53:53.363] [INFO] default - ROU | /security/groups
[2017-08-19 23:53:53.366] [INFO] default - BSN | groups [getAll]
[2017-08-19 23:53:53.367] [INFO] default - DTA | groups [getAll]
[2017-08-19 23:53:53.399] [INFO] default - DTA | groups [getAll] retrieve: 1 records
[2017-08-19 23:53:53.400] [INFO] default - BSN | [{"id":"599767c557207500e444b752","name":"owners","leaf":false}]
[2017-08-19 23:56:04.629] [INFO] default - ROU | /security/groups
[2017-08-19 23:56:04.630] [INFO] default - BSN | groups [getAll]
[2017-08-19 23:56:04.630] [INFO] default - DTA | groups [getAll]
[2017-08-19 23:56:04.634] [INFO] default - DTA | groups [getAll] retrieve: 1 records
[2017-08-19 23:56:04.635] [INFO] default - BSN | [{"id":"599767c557207500e444b752","name":"owners","leaf":false}]
